INFO  11:44:02 Application started. Press Ctrl+C to shut down.
INFO  11:44:02 Application started. Press Ctrl+C to shut down.
INFO  11:44:02 Hosting environment: Development
INFO  11:44:02 Hosting environment: Development
INFO  11:44:02 Content root path: C:\Users\910264\MythProject\QuotesMicroservice\QuotesMicroservice\QuotesMicroservice
INFO  11:44:02 Content root path: C:\Users\910264\MythProject\QuotesMicroservice\QuotesMicroservice\QuotesMicroservice
INFO  11:44:17 GetQuotesForPolicy action method started with PropertyValue=1 BusinessValue=1 PropertyType=factory equipment
INFO  11:44:17 QuotesForPolicyService is accessed with propertyValue=1 BusinessValue=1 PropertyType=factory equipment
INFO  11:44:17 Checking QuotesForPolicy with PropertyValue=1 BusinessValue=1 PropertyType=factory equipment
INFO  12:05:30 Application started. Press Ctrl+C to shut down.
INFO  12:05:30 Application started. Press Ctrl+C to shut down.
INFO  12:05:30 Hosting environment: Development
INFO  12:05:30 Hosting environment: Development
INFO  12:05:30 Content root path: C:\Final Project\QuotesMicroservice\QuotesMicroservice\QuotesMicroservice
INFO  12:05:30 Content root path: C:\Final Project\QuotesMicroservice\QuotesMicroservice\QuotesMicroservice
INFO  12:06:05 GetQuotesForPolicy action method started with PropertyValue=2 BusinessValue=1 PropertyType=building
INFO  12:06:05 QuotesForPolicyService is accessed with propertyValue=2 BusinessValue=1 PropertyType=building
INFO  12:06:05 Checking QuotesForPolicy with PropertyValue=2 BusinessValue=1 PropertyType=building
INFO  12:08:09 GetQuotesForPolicy action method started with PropertyValue=2 BusinessValue=1 PropertyType=building
INFO  12:08:09 QuotesForPolicyService is accessed with propertyValue=2 BusinessValue=1 PropertyType=building
INFO  12:08:09 Checking QuotesForPolicy with PropertyValue=2 BusinessValue=1 PropertyType=building
INFO  12:16:18 GetQuotesForPolicy action method started with PropertyValue=2 BusinessValue=1 PropertyType=building
INFO  12:16:18 QuotesForPolicyService is accessed with propertyValue=2 BusinessValue=1 PropertyType=building
INFO  12:16:18 Checking QuotesForPolicy with PropertyValue=2 BusinessValue=1 PropertyType=building
INFO  12:44:49 Application started. Press Ctrl+C to shut down.
INFO  12:44:49 Application started. Press Ctrl+C to shut down.
INFO  12:44:49 Hosting environment: Development
INFO  12:44:49 Hosting environment: Development
INFO  12:44:49 Content root path: C:\Final Project\QuotesMicroservice\QuotesMicroservice\QuotesMicroservice
INFO  12:44:49 Content root path: C:\Final Project\QuotesMicroservice\QuotesMicroservice\QuotesMicroservice
INFO  01:02:48 GetQuotesForPolicy action method started with PropertyValue=1 BusinessValue=2 PropertyType=Building
INFO  01:02:48 QuotesForPolicyService is accessed with propertyValue=1 BusinessValue=2 PropertyType=Building
INFO  01:02:48 Checking QuotesForPolicy with PropertyValue=1 BusinessValue=2 PropertyType=Building
INFO  01:16:42 Application started. Press Ctrl+C to shut down.
INFO  01:16:42 Application started. Press Ctrl+C to shut down.
INFO  01:16:42 Hosting environment: Development
INFO  01:16:42 Hosting environment: Development
INFO  01:16:42 Content root path: C:\Users\HP\Desktop\Cognizant CC & handson\consumer-main\Final Project\QuotesMicroservice\QuotesMicroservice\QuotesMicroservice
INFO  01:16:42 Content root path: C:\Users\HP\Desktop\Cognizant CC & handson\consumer-main\Final Project\QuotesMicroservice\QuotesMicroservice\QuotesMicroservice
INFO  01:59:12 Application started. Press Ctrl+C to shut down.
INFO  01:59:12 Application started. Press Ctrl+C to shut down.
INFO  01:59:12 Hosting environment: Development
INFO  01:59:12 Hosting environment: Development
INFO  01:59:12 Content root path: C:\Users\HP\Desktop\Cognizant CC & handson\consumer-main\Final Project\QuotesMicroservice\QuotesMicroservice\QuotesMicroservice
INFO  01:59:12 Content root path: C:\Users\HP\Desktop\Cognizant CC & handson\consumer-main\Final Project\QuotesMicroservice\QuotesMicroservice\QuotesMicroservice
INFO  03:26:52 Now listening on: https://localhost:5001
INFO  03:26:52 Now listening on: https://localhost:5001
INFO  03:26:52 Now listening on: http://localhost:5000
INFO  03:26:52 Now listening on: http://localhost:5000
INFO  03:26:52 Application started. Press Ctrl+C to shut down.
INFO  03:26:52 Application started. Press Ctrl+C to shut down.
INFO  03:26:52 Hosting environment: Development
INFO  03:26:52 Hosting environment: Development
INFO  03:26:52 Content root path: C:\Users\HP\Desktop\Cognizant CC & handson\consumer-main\Final Project\QuotesMicroservice\QuotesMicroservice\QuotesMicroservice
INFO  03:26:52 Content root path: C:\Users\HP\Desktop\Cognizant CC & handson\consumer-main\Final Project\QuotesMicroservice\QuotesMicroservice\QuotesMicroservice
INFO  03:28:18 GetQuotesForPolicy action method started with PropertyValue=2 BusinessValue=2 PropertyType=Building
INFO  03:28:18 QuotesForPolicyService is accessed with propertyValue=2 BusinessValue=2 PropertyType=Building
INFO  03:28:18 Checking QuotesForPolicy with PropertyValue=2 BusinessValue=2 PropertyType=Building
INFO  03:31:48 Now listening on: https://localhost:5001
INFO  03:31:48 Now listening on: https://localhost:5001
INFO  03:31:48 Now listening on: http://localhost:5000
INFO  03:31:48 Now listening on: http://localhost:5000
INFO  03:31:48 Application started. Press Ctrl+C to shut down.
INFO  03:31:48 Application started. Press Ctrl+C to shut down.
INFO  03:31:48 Hosting environment: Development
INFO  03:31:48 Hosting environment: Development
INFO  03:31:48 Content root path: C:\Users\HP\Desktop\Cognizant CC & handson\consumer-main\Final Project\QuotesMicroservice\QuotesMicroservice\QuotesMicroservice
INFO  03:31:48 Content root path: C:\Users\HP\Desktop\Cognizant CC & handson\consumer-main\Final Project\QuotesMicroservice\QuotesMicroservice\QuotesMicroservice
INFO  05:37:53 Now listening on: https://localhost:5001
INFO  05:37:53 Now listening on: https://localhost:5001
INFO  05:37:53 Now listening on: http://localhost:5000
INFO  05:37:53 Now listening on: http://localhost:5000
INFO  05:37:53 Application started. Press Ctrl+C to shut down.
INFO  05:37:53 Application started. Press Ctrl+C to shut down.
INFO  05:37:53 Hosting environment: Development
INFO  05:37:53 Hosting environment: Development
INFO  05:37:53 Content root path: C:\Users\HP\Desktop\Cognizant CC & handson\---\QuotesMicroservice-master\QuotesMicroservice
INFO  05:37:53 Content root path: C:\Users\HP\Desktop\Cognizant CC & handson\---\QuotesMicroservice-master\QuotesMicroservice
INFO  12:54:57 Now listening on: https://localhost:5001
INFO  12:54:57 Now listening on: https://localhost:5001
INFO  12:54:57 Now listening on: http://localhost:5000
INFO  12:54:57 Now listening on: http://localhost:5000
INFO  12:54:57 Application started. Press Ctrl+C to shut down.
INFO  12:54:57 Application started. Press Ctrl+C to shut down.
INFO  12:54:57 Hosting environment: Development
INFO  12:54:57 Hosting environment: Development
INFO  12:54:57 Content root path: C:\Users\HP\Desktop\Cognizant CC & handson\---\QuotesMicroservice-master\QuotesMicroservice
INFO  12:54:57 Content root path: C:\Users\HP\Desktop\Cognizant CC & handson\---\QuotesMicroservice-master\QuotesMicroservice
INFO  12:55:29 GetQuotesForPolicy action method started with PropertyValue=7 BusinessValue=6 PropertyType=building
INFO  12:55:29 QuotesForPolicyService is accessed with propertyValue=7 BusinessValue=6 PropertyType=building
INFO  12:55:29 Checking QuotesForPolicy with PropertyValue=7 BusinessValue=6 PropertyType=building
INFO  12:57:18 GetQuotesForPolicy action method started with PropertyValue=7 BusinessValue=6 PropertyType=Building
INFO  12:57:18 QuotesForPolicyService is accessed with propertyValue=7 BusinessValue=6 PropertyType=Building
INFO  12:57:18 Checking QuotesForPolicy with PropertyValue=7 BusinessValue=6 PropertyType=Building
INFO  12:57:21 GetQuotesForPolicy action method started with PropertyValue=7 BusinessValue=6 PropertyType=Building
INFO  12:57:21 QuotesForPolicyService is accessed with propertyValue=7 BusinessValue=6 PropertyType=Building
INFO  12:57:21 Checking QuotesForPolicy with PropertyValue=7 BusinessValue=6 PropertyType=Building
INFO  12:57:24 GetQuotesForPolicy action method started with PropertyValue=7 BusinessValue=6 PropertyType=Building
INFO  12:57:24 QuotesForPolicyService is accessed with propertyValue=7 BusinessValue=6 PropertyType=Building
INFO  12:57:24 Checking QuotesForPolicy with PropertyValue=7 BusinessValue=6 PropertyType=Building
INFO  12:57:56 Now listening on: https://localhost:5001
INFO  12:57:56 Now listening on: https://localhost:5001
INFO  12:57:56 Now listening on: http://localhost:5000
INFO  12:57:56 Now listening on: http://localhost:5000
INFO  12:57:56 Application started. Press Ctrl+C to shut down.
INFO  12:57:56 Application started. Press Ctrl+C to shut down.
INFO  12:57:56 Hosting environment: Development
INFO  12:57:56 Hosting environment: Development
INFO  12:57:56 Content root path: C:\Users\HP\Desktop\Cognizant CC & handson\---\QuotesMicroservice-master\QuotesMicroservice
INFO  12:57:56 Content root path: C:\Users\HP\Desktop\Cognizant CC & handson\---\QuotesMicroservice-master\QuotesMicroservice
INFO  12:58:23 GetQuotesForPolicy action method started with PropertyValue=7 BusinessValue=6 PropertyType=Building
INFO  12:58:23 QuotesForPolicyService is accessed with propertyValue=7 BusinessValue=6 PropertyType=Building
INFO  12:58:23 Checking QuotesForPolicy with PropertyValue=7 BusinessValue=6 PropertyType=Building
INFO  12:59:04 GetQuotesForPolicy action method started with PropertyValue=6 BusinessValue=7 PropertyType=Building
INFO  12:59:04 QuotesForPolicyService is accessed with propertyValue=6 BusinessValue=7 PropertyType=Building
INFO  12:59:04 Checking QuotesForPolicy with PropertyValue=6 BusinessValue=7 PropertyType=Building
INFO  01:02:45 Now listening on: https://localhost:5001
INFO  01:02:45 Now listening on: https://localhost:5001
INFO  01:02:45 Now listening on: http://localhost:5000
INFO  01:02:45 Now listening on: http://localhost:5000
INFO  01:02:45 Application started. Press Ctrl+C to shut down.
INFO  01:02:45 Application started. Press Ctrl+C to shut down.
INFO  01:02:45 Hosting environment: Development
INFO  01:02:45 Hosting environment: Development
INFO  01:02:45 Content root path: C:\Users\HP\Desktop\Cognizant CC & handson\---\QuotesMicroservice-master\QuotesMicroservice
INFO  01:02:45 Content root path: C:\Users\HP\Desktop\Cognizant CC & handson\---\QuotesMicroservice-master\QuotesMicroservice
INFO  01:03:49 GetQuotesForPolicy action method started with PropertyValue=11 BusinessValue=2 PropertyType=kjug
INFO  01:03:49 QuotesForPolicyService is accessed with propertyValue=11 BusinessValue=2 PropertyType=kjug
INFO  01:03:49 Checking QuotesForPolicy with PropertyValue=11 BusinessValue=2 PropertyType=kjug
INFO  01:06:55 Now listening on: https://localhost:5001
INFO  01:06:55 Now listening on: https://localhost:5001
INFO  01:06:55 Now listening on: http://localhost:5000
INFO  01:06:55 Now listening on: http://localhost:5000
INFO  01:06:55 Application started. Press Ctrl+C to shut down.
INFO  01:06:55 Application started. Press Ctrl+C to shut down.
INFO  01:06:55 Hosting environment: Development
INFO  01:06:55 Hosting environment: Development
INFO  01:06:55 Content root path: C:\Users\HP\Desktop\Cognizant CC & handson\---\QuotesMicroservice-master\QuotesMicroservice
INFO  01:06:55 Content root path: C:\Users\HP\Desktop\Cognizant CC & handson\---\QuotesMicroservice-master\QuotesMicroservice
INFO  01:07:49 GetQuotesForPolicy action method started with PropertyValue=1 BusinessValue=11 PropertyType=egrd
INFO  01:07:49 QuotesForPolicyService is accessed with propertyValue=1 BusinessValue=11 PropertyType=egrd
INFO  01:07:49 Checking QuotesForPolicy with PropertyValue=1 BusinessValue=11 PropertyType=egrd
INFO  01:37:27 Now listening on: https://localhost:5001
INFO  01:37:27 Now listening on: https://localhost:5001
INFO  01:37:27 Now listening on: http://localhost:5000
INFO  01:37:27 Now listening on: http://localhost:5000
INFO  01:37:27 Application started. Press Ctrl+C to shut down.
INFO  01:37:27 Application started. Press Ctrl+C to shut down.
INFO  01:37:27 Hosting environment: Development
INFO  01:37:27 Hosting environment: Development
INFO  01:37:27 Content root path: C:\Users\HP\Desktop\Cognizant CC & handson\---\QuotesMicroservice-master\QuotesMicroservice
INFO  01:37:27 Content root path: C:\Users\HP\Desktop\Cognizant CC & handson\---\QuotesMicroservice-master\QuotesMicroservice
INFO  01:37:43 GetQuotesForPolicy action method started with PropertyValue=6 BusinessValue=7 PropertyType=Building
INFO  01:37:43 QuotesForPolicyService is accessed with propertyValue=6 BusinessValue=7 PropertyType=Building
INFO  01:37:43 Checking QuotesForPolicy with PropertyValue=6 BusinessValue=7 PropertyType=Building
INFO  01:37:59 GetQuotesForPolicy action method started with PropertyValue=69 BusinessValue=71 PropertyType=Building
INFO  01:37:59 QuotesForPolicyService is accessed with propertyValue=69 BusinessValue=71 PropertyType=Building
INFO  01:37:59 Checking QuotesForPolicy with PropertyValue=69 BusinessValue=71 PropertyType=Building
INFO  01:38:01 GetQuotesForPolicy action method started with PropertyValue=69 BusinessValue=71 PropertyType=Building
INFO  01:38:01 QuotesForPolicyService is accessed with propertyValue=69 BusinessValue=71 PropertyType=Building
INFO  01:38:01 Checking QuotesForPolicy with PropertyValue=69 BusinessValue=71 PropertyType=Building
INFO  08:33:21 Now listening on: https://localhost:5001
INFO  08:33:21 Now listening on: https://localhost:5001
INFO  08:33:21 Now listening on: http://localhost:5000
INFO  08:33:21 Now listening on: http://localhost:5000
INFO  08:33:21 Application started. Press Ctrl+C to shut down.
INFO  08:33:21 Application started. Press Ctrl+C to shut down.
INFO  08:33:21 Hosting environment: Development
INFO  08:33:21 Hosting environment: Development
INFO  08:33:21 Content root path: C:\Users\HP\Desktop\Cognizant CC & handson\---\QuotesMicroservice-master\QuotesMicroservice
INFO  08:33:21 Content root path: C:\Users\HP\Desktop\Cognizant CC & handson\---\QuotesMicroservice-master\QuotesMicroservice
INFO  08:35:24 Now listening on: https://localhost:5001
INFO  08:35:24 Now listening on: https://localhost:5001
INFO  08:35:24 Now listening on: http://localhost:5000
INFO  08:35:24 Now listening on: http://localhost:5000
INFO  08:35:24 Application started. Press Ctrl+C to shut down.
INFO  08:35:24 Application started. Press Ctrl+C to shut down.
INFO  08:35:24 Hosting environment: Development
INFO  08:35:24 Hosting environment: Development
INFO  08:35:24 Content root path: C:\Users\HP\Desktop\Cognizant CC & handson\---\QuotesMicroservice-master\QuotesMicroservice
INFO  08:35:24 Content root path: C:\Users\HP\Desktop\Cognizant CC & handson\---\QuotesMicroservice-master\QuotesMicroservice
INFO  08:37:54 Now listening on: https://localhost:5001
INFO  08:37:54 Now listening on: https://localhost:5001
INFO  08:37:54 Now listening on: http://localhost:5000
INFO  08:37:54 Now listening on: http://localhost:5000
INFO  08:37:54 Application started. Press Ctrl+C to shut down.
INFO  08:37:54 Application started. Press Ctrl+C to shut down.
INFO  08:37:54 Hosting environment: Development
INFO  08:37:54 Hosting environment: Development
INFO  08:37:54 Content root path: C:\Users\HP\Desktop\Cognizant CC & handson\---\QuotesMicroservice-master\QuotesMicroservice
INFO  08:37:54 Content root path: C:\Users\HP\Desktop\Cognizant CC & handson\---\QuotesMicroservice-master\QuotesMicroservice
INFO  09:00:33 Now listening on: https://localhost:5001
INFO  09:00:33 Now listening on: https://localhost:5001
INFO  09:00:33 Now listening on: http://localhost:5000
INFO  09:00:33 Now listening on: http://localhost:5000
INFO  09:00:33 Application started. Press Ctrl+C to shut down.
INFO  09:00:33 Application started. Press Ctrl+C to shut down.
INFO  09:00:33 Hosting environment: Development
INFO  09:00:33 Hosting environment: Development
INFO  09:00:33 Content root path: C:\Users\HP\Desktop\Cognizant CC & handson\---\QuotesMicroservice-master\QuotesMicroservice
INFO  09:00:33 Content root path: C:\Users\HP\Desktop\Cognizant CC & handson\---\QuotesMicroservice-master\QuotesMicroservice
INFO  09:03:40 Now listening on: https://localhost:5001
INFO  09:03:40 Now listening on: https://localhost:5001
INFO  09:03:40 Now listening on: http://localhost:5000
INFO  09:03:40 Now listening on: http://localhost:5000
INFO  09:03:40 Application started. Press Ctrl+C to shut down.
INFO  09:03:40 Application started. Press Ctrl+C to shut down.
INFO  09:03:40 Hosting environment: Development
INFO  09:03:40 Hosting environment: Development
INFO  09:03:40 Content root path: C:\Users\HP\Desktop\Cognizant CC & handson\---\QuotesMicroservice-master\QuotesMicroservice
INFO  09:03:40 Content root path: C:\Users\HP\Desktop\Cognizant CC & handson\---\QuotesMicroservice-master\QuotesMicroservice
INFO  09:04:50 Now listening on: https://localhost:5001
INFO  09:04:50 Now listening on: https://localhost:5001
INFO  09:04:50 Now listening on: http://localhost:5000
INFO  09:04:50 Now listening on: http://localhost:5000
INFO  09:04:50 Application started. Press Ctrl+C to shut down.
INFO  09:04:50 Application started. Press Ctrl+C to shut down.
INFO  09:04:50 Hosting environment: Development
INFO  09:04:50 Hosting environment: Development
INFO  09:04:50 Content root path: C:\Users\HP\Desktop\Cognizant CC & handson\---\QuotesMicroservice-master\QuotesMicroservice
INFO  09:04:50 Content root path: C:\Users\HP\Desktop\Cognizant CC & handson\---\QuotesMicroservice-master\QuotesMicroservice
INFO  09:05:18 Application started. Press Ctrl+C to shut down.
INFO  09:05:18 Application started. Press Ctrl+C to shut down.
INFO  09:05:18 Hosting environment: Development
INFO  09:05:18 Hosting environment: Development
INFO  09:05:18 Content root path: C:\Users\HP\Desktop\Cognizant CC & handson\---\QuotesMicroservice-master\QuotesMicroservice
INFO  09:05:18 Content root path: C:\Users\HP\Desktop\Cognizant CC & handson\---\QuotesMicroservice-master\QuotesMicroservice
INFO  09:09:58 Now listening on: https://localhost:5001
INFO  09:09:58 Now listening on: https://localhost:5001
INFO  09:09:58 Now listening on: http://localhost:5000
INFO  09:09:58 Now listening on: http://localhost:5000
INFO  09:09:58 Application started. Press Ctrl+C to shut down.
INFO  09:09:58 Application started. Press Ctrl+C to shut down.
INFO  09:09:58 Hosting environment: Development
INFO  09:09:58 Hosting environment: Development
INFO  09:09:58 Content root path: C:\Users\HP\Desktop\Cognizant CC & handson\---\QuotesMicroservice-master\QuotesMicroservice
INFO  09:09:58 Content root path: C:\Users\HP\Desktop\Cognizant CC & handson\---\QuotesMicroservice-master\QuotesMicroservice
